<?xml version="1.0" encoding="UTF-8"?>
<!-- Generated by org.testng.reporters.JUnitXMLReporter -->
<testsuite hostname="yzl-PC" name="TestDebug" tests="5" failures="0" timestamp="9 Mar 2017 08:37:17 GMT" time="3.886" errors="0">
  <testcase name="test" time="1.022" classname="com.yhq.testcases.ReadTestCase"/>
  <testcase name="test" time="0.001" classname="com.yhq.testcases.ReadTestCase"/>
  <testcase name="test" time="1.781" classname="com.yhq.testcases.ReadTestCase"/>
  <testcase name="test" time="0.003" classname="com.yhq.testcases.ReadTestCase"/>
  <testcase name="test" time="0.003" classname="com.yhq.testcases.ReadTestCase"/>
</testsuite> <!-- TestDebug -->
